<?xml version="1.0" encoding="UTF-8"?>
<!-- Generated by org.testng.reporters.JUnitXMLReporter -->
<testsuite ignored="4" hostname="DESKTOP-PR989T3" failures="0" tests="5" name="car Loan" time="0.172" errors="0" timestamp="2024-08-24T12:41:48 IST">
  <testcase classname="testngframew.Demo3" name="APIlogincar" time="0.01"/>
  <testcase classname="testngframew.Demo3" name="Weblogincar" time="0.019"/>
  <testcase classname="testngframew.Demo3" name="nissancarloan" time="0.002"/>
  <testcase classname="testngframew.Demo4" name="MobileloginHome" time="0.015"/>
  <testcase classname="testngframew.Demo4" name="MobilesigninHome" time="0.008"/>
  <testcase classname="testngframew.Demo4" name="audicarloan" time="0.0">
    <ignored/>
  </testcase> <!-- audicarloan -->
  <testcase classname="testngframew.Demo4" name="signoutHome" time="0.0">
    <ignored/>
  </testcase> <!-- signoutHome -->
  <testcase classname="testngframew.Demo3" name="Mobilelogincar" time="0.0">
    <ignored/>
  </testcase> <!-- Mobilelogincar -->
  <testcase classname="testngframew.Demo4" name="bmwcarloan" time="0.0">
    <ignored/>
  </testcase> <!-- bmwcarloan -->
</testsuite> <!-- car Loan -->
