<?xml version="1.0" encoding="UTF-8"?>
<!-- Generated by org.testng.reporters.JUnitXMLReporter -->
<testsuite ignored="4" hostname="ShishiraReddy" failures="0" tests="5" name="car Loan" time="0.233" errors="0" timestamp="2024-07-18T16:53:17 IST">
  <testcase classname="Testngframew.Demo3" name="APIlogincar" time="0.014"/>
  <testcase classname="Testngframew.Demo3" name="Weblogincar" time="0.005"/>
  <testcase classname="Testngframew.Demo3" name="nissancarloan" time="0.003"/>
  <testcase classname="Testngframew.Demo4" name="MobileloginHome" time="0.003"/>
  <testcase classname="Testngframew.Demo4" name="MobilesigninHome" time="0.005"/>
  <testcase classname="Testngframew.Demo3" name="Mobilelogincar" time="0.0">
    <ignored/>
  </testcase> <!-- Mobilelogincar -->
  <testcase classname="Testngframew.Demo4" name="bmwcarloan" time="0.0">
    <ignored/>
  </testcase> <!-- bmwcarloan -->
  <testcase classname="Testngframew.Demo4" name="signoutHome" time="0.0">
    <ignored/>
  </testcase> <!-- signoutHome -->
  <testcase classname="Testngframew.Demo4" name="audicarloan" time="0.0">
    <ignored/>
  </testcase> <!-- audicarloan -->
</testsuite> <!-- car Loan -->
