<?xml version="1.0" encoding="UTF-8"?>
<!-- Generated by org.testng.reporters.JUnitXMLReporter -->
<testsuite ignored="1" hostname="ShishiraReddy" failures="1" tests="7" name="Personal Loan" time="0.299" errors="0" timestamp="2024-07-18T16:53:17 IST">
  <testcase classname="Testngframew.Demo1" name="test" time="0.035"/>
  <testcase classname="Testngframew.Demo1" name="testdp" time="0.004"/>
  <testcase classname="Testngframew.Demo1" name="testdp" time="0.012"/>
  <testcase classname="Testngframew.Demo1" name="testdp" time="0.004"/>
  <testcase classname="Testngframew.Demo1" name="testlistener" time="0.06">
    <failure type="java.lang.AssertionError" message="expected [true] but found [false]">
      <![CDATA[java.lang.AssertionError: expected [true] but found [false]
at Testngframew.Demo1.testlistener(Demo1.java:51)
at java.base/java.util.ArrayList.forEach(ArrayList.java:1597)
at java.base/java.util.concurrent.FutureTask.run(FutureTask.java:317)
at java.base/java.util.concurrent.ThreadPoolExecutor.runWorker(ThreadPoolExecutor.java:1144)
at java.base/java.util.concurrent.ThreadPoolExecutor$Worker.run(ThreadPoolExecutor.java:642)
at java.base/java.lang.Thread.run(Thread.java:1570)
... Removed 20 stack frames]]>
    </failure>
  </testcase> <!-- testlistener -->
  <testcase classname="Testngframew.Demo2" name="thirdtest" time="0.004"/>
  <testcase classname="Testngframew.Demo1" name="sectest" time="0.004"/>
  <testcase classname="Testngframew.Demo1" name="enable" time="0.0">
    <ignored/>
  </testcase> <!-- enable -->
</testsuite> <!-- Personal Loan -->
