<?xml version="1.0" encoding="UTF-8"?>
<!-- Generated by org.testng.reporters.JUnitXMLReporter -->
<testsuite ignored="1" hostname="DESKTOP-PR989T3" failures="0" tests="17" name="Personal Loan" time="0.311" errors="0" timestamp="2024-08-24T12:46:43 IST">
  <testcase classname="testngframew.Demo1" name="test" time="0.016"/>
  <testcase classname="testngframew.Demo1" name="testdp" time="0.004"/>
  <testcase classname="testngframew.Demo1" name="testdp" time="0.006"/>
  <testcase classname="testngframew.Demo1" name="testdp" time="0.006"/>
  <testcase classname="testngframew.Demo1" name="testlistener" time="0.009"/>
  <testcase classname="testngframew.Demo1" name="sectest" time="0.007"/>
  <testcase classname="testngframew.Demo2" name="thirdtest" time="0.008"/>
  <testcase classname="testngframew.Demo3" name="APIlogincar" time="0.007"/>
  <testcase classname="testngframew.Demo3" name="Mobilelogincar" time="0.004"/>
  <testcase classname="testngframew.Demo3" name="Weblogincar" time="0.001"/>
  <testcase classname="testngframew.Demo3" name="nissancarloan" time="0.004"/>
  <testcase classname="testngframew.Demo4" name="MobileloginHome" time="0.007"/>
  <testcase classname="testngframew.Demo4" name="MobilesigninHome" time="0.01"/>
  <testcase classname="testngframew.Demo4" name="audicarloan" time="0.004"/>
  <testcase classname="testngframew.Demo4" name="bmwcarloan" time="0.003"/>
  <testcase classname="testngframew.Demo4" name="signoutHome" time="0.007"/>
  <testcase classname="testngframew.PS1" name="testRun" time="0.004"/>
  <testcase classname="testngframew.Demo1" name="enable" time="0.0">
    <ignored/>
  </testcase> <!-- enable -->
</testsuite> <!-- Personal Loan -->
