<?xml version="1.0" encoding="UTF-8"?>
<!-- Generated by org.testng.reporters.JUnitXMLReporter -->
<testsuite ignored="9" hostname="ShishiraReddy" failures="0" tests="3" name="Regression" time="0.087" errors="0" timestamp="2024-07-18T11:49:56 IST">
  <testcase classname="Testngframew.Demo3" name="nissancarloan" time="0.017"/>
  <testcase classname="Testngframew.Demo4" name="audicarloan" time="0.002"/>
  <testcase classname="Testngframew.Demo4" name="bmwcarloan" time="0.005"/>
  <testcase classname="Testngframew.Demo3" name="Mobilelogincar" time="0.0">
    <ignored/>
  </testcase> <!-- Mobilelogincar -->
  <testcase classname="Testngframew.Demo4" name="MobileloginHome" time="0.0">
    <ignored/>
  </testcase> <!-- MobileloginHome -->
  <testcase classname="Testngframew.Demo3" name="APIlogincar" time="0.0">
    <ignored/>
  </testcase> <!-- APIlogincar -->
  <testcase classname="Testngframew.Demo1" name="sectest" time="0.0">
    <ignored/>
  </testcase> <!-- sectest -->
  <testcase classname="Testngframew.Demo4" name="MobilesigninHome" time="0.0">
    <ignored/>
  </testcase> <!-- MobilesigninHome -->
  <testcase classname="Testngframew.Demo1" name="test" time="0.0">
    <ignored/>
  </testcase> <!-- test -->
  <testcase classname="Testngframew.Demo3" name="Weblogincar" time="0.0">
    <ignored/>
  </testcase> <!-- Weblogincar -->
  <testcase classname="Testngframew.Demo4" name="signoutHome" time="0.0">
    <ignored/>
  </testcase> <!-- signoutHome -->
  <testcase classname="Testngframew.Demo2" name="thirdtest" time="0.0">
    <ignored/>
  </testcase> <!-- thirdtest -->
</testsuite> <!-- Regression -->
