<?xml version="1.0" encoding="UTF-8"?>
<!-- Generated by org.testng.reporters.JUnitXMLReporter -->
<testsuite ignored="12" hostname="ShishiraBobbiti" failures="0" tests="3" name="Regression" time="0.076" errors="0" timestamp="2025-03-29T11:25:54 IST">
  <testcase classname="testngframew.Demo3" name="nissancarloan" time="0.016"/>
  <testcase classname="testngframew.Demo4" name="audicarloan" time="0.003"/>
  <testcase classname="testngframew.Demo4" name="bmwcarloan" time="0.001"/>
  <testcase classname="testngframew.Demo1" name="testlistener" time="0.0">
    <ignored/>
  </testcase> <!-- testlistener -->
  <testcase classname="testngframew.Demo2" name="thirdtest" time="0.0">
    <ignored/>
  </testcase> <!-- thirdtest -->
  <testcase classname="testngframew.Demo1" name="enable" time="0.0">
    <ignored/>
  </testcase> <!-- enable -->
  <testcase classname="testngframew.Demo1" name="test" time="0.0">
    <ignored/>
  </testcase> <!-- test -->
  <testcase classname="testngframew.Demo3" name="Weblogincar" time="0.0">
    <ignored/>
  </testcase> <!-- Weblogincar -->
  <testcase classname="testngframew.Demo4" name="signoutHome" time="0.0">
    <ignored/>
  </testcase> <!-- signoutHome -->
  <testcase classname="testngframew.Demo1" name="testdp" time="0.0">
    <ignored/>
  </testcase> <!-- testdp -->
  <testcase classname="testngframew.Demo4" name="MobilesigninHome" time="0.0">
    <ignored/>
  </testcase> <!-- MobilesigninHome -->
  <testcase classname="testngframew.Demo3" name="Mobilelogincar" time="0.0">
    <ignored/>
  </testcase> <!-- Mobilelogincar -->
  <testcase classname="testngframew.Demo4" name="MobileloginHome" time="0.0">
    <ignored/>
  </testcase> <!-- MobileloginHome -->
  <testcase classname="testngframew.Demo3" name="APIlogincar" time="0.0">
    <ignored/>
  </testcase> <!-- APIlogincar -->
  <testcase classname="testngframew.Demo1" name="sectest" time="0.0">
    <ignored/>
  </testcase> <!-- sectest -->
</testsuite> <!-- Regression -->
