<?xml version="1.0" encoding="UTF-8"?>
<!-- Generated by org.testng.reporters.JUnitXMLReporter -->
<testsuite ignored="3" hostname="ShishiraReddy" failures="0" tests="3" name="Personal loan" time="0.086" errors="0" timestamp="2024-07-16T12:02:01 IST">
  <testcase classname="Testngframew.Demo1" name="test" time="0.019"/>
  <testcase classname="Testngframew.Demo3" name="APIlogincar" time="0.002"/>
  <testcase classname="Testngframew.Demo2" name="thirdtest" time="0.005"/>
  <testcase classname="Testngframew.Demo3" name="Mobilelogincar" time="0.0">
    <ignored/>
  </testcase> <!-- Mobilelogincar -->
  <testcase classname="Testngframew.Demo1" name="sectest" time="0.0">
    <ignored/>
  </testcase> <!-- sectest -->
  <testcase classname="Testngframew.Demo3" name="Weblogincar" time="0.0">
    <ignored/>
  </testcase> <!-- Weblogincar -->
</testsuite> <!-- Personal loan -->
