<?xml version="1.0" encoding="UTF-8"?>
<!-- Generated by org.testng.reporters.JUnitXMLReporter -->
<testsuite ignored="5" hostname="DESKTOP-PR989T3" failures="0" tests="7" name="Personal loan" time="0.154" errors="0" timestamp="2024-08-24T12:46:04 IST">
  <testcase classname="testngframew.Demo1" name="test" time="0.017"/>
  <testcase classname="testngframew.Demo1" name="testdp" time="0.003"/>
  <testcase classname="testngframew.Demo1" name="testdp" time="0.004"/>
  <testcase classname="testngframew.Demo1" name="testdp" time="0.004"/>
  <testcase classname="testngframew.Demo1" name="testlistener" time="0.007"/>
  <testcase classname="testngframew.Demo3" name="APIlogincar" time="0.005"/>
  <testcase classname="testngframew.Demo2" name="thirdtest" time="0.004"/>
  <testcase classname="testngframew.Demo3" name="nissancarloan" time="0.0">
    <ignored/>
  </testcase> <!-- nissancarloan -->
  <testcase classname="testngframew.Demo1" name="enable" time="0.0">
    <ignored/>
  </testcase> <!-- enable -->
  <testcase classname="testngframew.Demo3" name="Weblogincar" time="0.0">
    <ignored/>
  </testcase> <!-- Weblogincar -->
  <testcase classname="testngframew.Demo3" name="Mobilelogincar" time="0.0">
    <ignored/>
  </testcase> <!-- Mobilelogincar -->
  <testcase classname="testngframew.Demo1" name="sectest" time="0.0">
    <ignored/>
  </testcase> <!-- sectest -->
</testsuite> <!-- Personal loan -->
