<?xml version="1.0" encoding="UTF-8"?>
<!-- Generated by org.testng.reporters.JUnitXMLReporter -->
<testsuite ignored="0" hostname="DESKTOP-PR989T3" failures="1" tests="3" name="Error Validation" time="58.71" errors="0" timestamp="2024-08-24T14:58:21 IST">
  <testcase classname="com.testsComponents.ErrorValidations" name="ProductErrorValidation" time="3.651"/>
  <testcase classname="com.testsComponents.ErrorValidations" name="loginErrorvaliations" time="9.972">
    <skipped/>
  </testcase> <!-- loginErrorvaliations -->
  <testcase classname="com.testsComponents.ErrorValidations" name="loginErrorvaliations" time="0.669">
    <failure type="junit.framework.ComparisonFailure" message="expected:&amp;lt;Incorrect email [or] password.&amp;gt; but was:&amp;lt;Incorrect email [] password.&amp;gt;">
      <![CDATA[junit.framework.ComparisonFailure: expected:<Incorrect email [or] password.> but was:<Incorrect email [] password.>
at junit.framework.Assert.assertEquals(Assert.java:100)
at junit.framework.Assert.assertEquals(Assert.java:107)
at com.testsComponents.ErrorValidations.loginErrorvaliations(ErrorValidations.java:23)
at java.base/java.util.ArrayList.forEach(ArrayList.java:1597)
at java.base/java.util.concurrent.FutureTask.run(FutureTask.java:317)
at java.base/java.util.concurrent.ThreadPoolExecutor.runWorker(ThreadPoolExecutor.java:1144)
at java.base/java.util.concurrent.ThreadPoolExecutor$Worker.run(ThreadPoolExecutor.java:642)
at java.base/java.lang.Thread.run(Thread.java:1570)
... Removed 16 stack frames]]>
    </failure>
  </testcase> <!-- loginErrorvaliations -->
</testsuite> <!-- Error Validation -->
