<?xml version="1.0" encoding="UTF-8"?>
<testng-results ignored="1" total="3" passed="2" failed="0" skipped="0">
  <reporter-output>
  </reporter-output>
  <suite started-at="2024-08-06T13:25:40 IST" name="Suite" finished-at="2024-08-06T13:26:01 IST" duration-ms="21238">
    <groups>
      <group name="purchase">
        <method signature="StandloneTest.submitOrder(java.util.HashMap)[pri:0, instance:com.testsComponents.StandloneTest@4d154ccd]" name="submitOrder" class="com.testsComponents.StandloneTest"/>
      </group> <!-- purchase -->
    </groups>
    <test started-at="2024-08-06T13:25:40 IST" name="Submit Order" finished-at="2024-08-06T13:26:01 IST" duration-ms="21238">
      <class name="com.testsComponents.StandloneTest">
        <test-method is-config="true" signature="launchApplication()[pri:0, instance:com.testsComponents.StandloneTest@4d154ccd]" started-at="2024-08-06T13:25:41 IST" name="launchApplication" finished-at="2024-08-06T13:25:44 IST" duration-ms="3812" status="PASS">
          <reporter-output>
          </reporter-output>
        </test-method> <!-- launchApplication -->
        <test-method signature="submitOrder(java.util.HashMap)[pri:0, instance:com.testsComponents.StandloneTest@4d154ccd]" started-at="2024-08-06T13:25:44 IST" name="submitOrder" data-provider="getData" finished-at="2024-08-06T13:25:52 IST" duration-ms="7144" status="PASS">
          <params>
            <param index="0">
              <value>
                <![CDATA[{password=Iamking@000, email=shetty@gmail.com, productName=ADIDAS ORIGINAL}]]>
              </value>
            </param>
          </params>
          <reporter-output>
          </reporter-output>
        </test-method> <!-- submitOrder -->
        <test-method is-config="true" signature="tearDown()[pri:0, instance:com.testsComponents.StandloneTest@4d154ccd]" started-at="2024-08-06T13:25:52 IST" name="tearDown" finished-at="2024-08-06T13:25:52 IST" duration-ms="352" status="PASS">
          <reporter-output>
          </reporter-output>
        </test-method> <!-- tearDown -->
        <test-method is-config="true" signature="launchApplication()[pri:0, instance:com.testsComponents.StandloneTest@4d154ccd]" started-at="2024-08-06T13:25:52 IST" name="launchApplication" finished-at="2024-08-06T13:25:55 IST" duration-ms="2634" status="PASS">
          <reporter-output>
          </reporter-output>
        </test-method> <!-- launchApplication -->
        <test-method signature="submitOrder(java.util.HashMap)[pri:0, instance:com.testsComponents.StandloneTest@4d154ccd]" started-at="2024-08-06T13:25:55 IST" name="submitOrder" data-provider="getData" finished-at="2024-08-06T13:26:01 IST" duration-ms="6367" status="PASS">
          <params>
            <param index="0">
              <value>
                <![CDATA[{password=Shishira@123, email=shishira@gmail.com, productName=ZARA COAT 3}]]>
              </value>
            </param>
          </params>
          <reporter-output>
          </reporter-output>
        </test-method> <!-- submitOrder -->
        <test-method is-config="true" signature="tearDown()[pri:0, instance:com.testsComponents.StandloneTest@4d154ccd]" started-at="2024-08-06T13:26:01 IST" name="tearDown" finished-at="2024-08-06T13:26:01 IST" duration-ms="317" status="PASS">
          <reporter-output>
          </reporter-output>
        </test-method> <!-- tearDown -->
      </class> <!-- com.testsComponents.StandloneTest -->
    </test> <!-- Submit Order -->
  </suite> <!-- Suite -->
</testng-results>
