<?xml version="1.0" encoding="UTF-8"?>
<testng-results retried="1" ignored="0" total="6" passed="4" failed="1" skipped="0">
  <reporter-output>
  </reporter-output>
  <suite started-at="2024-08-06T00:27:22 IST" name="Suite" finished-at="2024-08-06T00:28:32 IST" duration-ms="69795">
    <groups>
      <group name="ErrorHandling">
        <method signature="ErrorValidations.loginErrorvaliations()[pri:0, instance:com.testsComponents.ErrorValidations@1afdd473]" name="loginErrorvaliations" class="com.testsComponents.ErrorValidations"/>
      </group> <!-- ErrorHandling -->
      <group name="purchase">
        <method signature="StandloneTest.submitOrder(java.util.HashMap)[pri:0, instance:com.testsComponents.StandloneTest@ab7395e]" name="submitOrder" class="com.testsComponents.StandloneTest"/>
      </group> <!-- purchase -->
    </groups>
    <test started-at="2024-08-06T00:27:22 IST" name="Error Validation" finished-at="2024-08-06T00:28:24 IST" duration-ms="62316">
      <class name="com.testsComponents.ErrorValidations">
        <test-method is-config="true" signature="launchApplication()[pri:0, instance:com.testsComponents.ErrorValidations@1afdd473]" started-at="2024-08-06T00:27:22 IST" name="launchApplication" finished-at="2024-08-06T00:27:53 IST" duration-ms="31216" status="PASS">
          <reporter-output>
          </reporter-output>
        </test-method> <!-- launchApplication -->
        <test-method signature="ProductErrorValidation()[pri:0, instance:com.testsComponents.ErrorValidations@1afdd473]" started-at="2024-08-06T00:27:53 IST" name="ProductErrorValidation" finished-at="2024-08-06T00:28:02 IST" duration-ms="8830" status="PASS">
          <reporter-output>
          </reporter-output>
        </test-method> <!-- ProductErrorValidation -->
        <test-method is-config="true" signature="tearDown()[pri:0, instance:com.testsComponents.ErrorValidations@1afdd473]" started-at="2024-08-06T00:28:02 IST" name="tearDown" finished-at="2024-08-06T00:28:03 IST" duration-ms="1048" status="PASS">
          <reporter-output>
          </reporter-output>
        </test-method> <!-- tearDown -->
        <test-method is-config="true" signature="launchApplication()[pri:0, instance:com.testsComponents.ErrorValidations@1afdd473]" started-at="2024-08-06T00:28:03 IST" name="launchApplication" finished-at="2024-08-06T00:28:11 IST" duration-ms="7445" status="PASS">
          <reporter-output>
          </reporter-output>
        </test-method> <!-- launchApplication -->
        <test-method retried="true" signature="loginErrorvaliations()[pri:0, instance:com.testsComponents.ErrorValidations@1afdd473]" started-at="2024-08-06T00:28:11 IST" name="loginErrorvaliations" finished-at="2024-08-06T00:28:13 IST" duration-ms="2277" status="SKIP">
          <exception class="junit.framework.ComparisonFailure">
            <message>
              <![CDATA[expected:<Incorrect email [or] password.> but was:<Incorrect email [] password.>]]>
            </message>
            <full-stacktrace>
              <![CDATA[junit.framework.ComparisonFailure: expected:<Incorrect email [or] password.> but was:<Incorrect email [] password.>
at junit.framework.Assert.assertEquals(Assert.java:100)
at junit.framework.Assert.assertEquals(Assert.java:107)
at com.testsComponents.ErrorValidations.loginErrorvaliations(ErrorValidations.java:23)
at java.base/jdk.internal.reflect.DirectMethodHandleAccessor.invoke(DirectMethodHandleAccessor.java:103)
at java.base/java.lang.reflect.Method.invoke(Method.java:580)
at org.testng.internal.MethodInvocationHelper.invokeMethod(MethodInvocationHelper.java:133)
at org.testng.internal.TestInvoker.invokeMethod(TestInvoker.java:598)
at org.testng.internal.TestInvoker.invokeTestMethod(TestInvoker.java:173)
at org.testng.internal.MethodRunner.runInSequence(MethodRunner.java:46)
at org.testng.internal.TestInvoker$MethodInvocationAgent.invoke(TestInvoker.java:824)
at org.testng.internal.TestInvoker.invokeTestMethods(TestInvoker.java:146)
at org.testng.internal.TestMethodWorker.invokeTestMethods(TestMethodWorker.java:146)
at org.testng.internal.TestMethodWorker.run(TestMethodWorker.java:128)
at java.base/java.util.ArrayList.forEach(ArrayList.java:1597)
at org.testng.TestRunner.privateRun(TestRunner.java:794)
at org.testng.TestRunner.run(TestRunner.java:596)
at org.testng.SuiteRunner.runTest(SuiteRunner.java:377)
at org.testng.SuiteRunner.access$000(SuiteRunner.java:28)
at org.testng.SuiteRunner$SuiteWorker.run(SuiteRunner.java:418)
at org.testng.internal.thread.ThreadUtil.lambda$execute$0(ThreadUtil.java:64)
at java.base/java.util.concurrent.FutureTask.run(FutureTask.java:317)
at java.base/java.util.concurrent.ThreadPoolExecutor.runWorker(ThreadPoolExecutor.java:1144)
at java.base/java.util.concurrent.ThreadPoolExecutor$Worker.run(ThreadPoolExecutor.java:642)
at java.base/java.lang.Thread.run(Thread.java:1570)
]]>
            </full-stacktrace>
          </exception> <!-- junit.framework.ComparisonFailure -->
          <reporter-output>
          </reporter-output>
        </test-method> <!-- loginErrorvaliations -->
        <test-method is-config="true" signature="tearDown()[pri:0, instance:com.testsComponents.ErrorValidations@1afdd473]" started-at="2024-08-06T00:28:13 IST" name="tearDown" finished-at="2024-08-06T00:28:14 IST" duration-ms="1115" status="PASS">
          <reporter-output>
          </reporter-output>
        </test-method> <!-- tearDown -->
        <test-method is-config="true" signature="launchApplication()[pri:0, instance:com.testsComponents.ErrorValidations@1afdd473]" started-at="2024-08-06T00:28:14 IST" name="launchApplication" finished-at="2024-08-06T00:28:23 IST" duration-ms="8564" status="PASS">
          <reporter-output>
          </reporter-output>
        </test-method> <!-- launchApplication -->
        <test-method signature="loginErrorvaliations()[pri:0, instance:com.testsComponents.ErrorValidations@1afdd473]" started-at="2024-08-06T00:28:23 IST" name="loginErrorvaliations" finished-at="2024-08-06T00:28:23 IST" duration-ms="822" status="FAIL">
          <exception class="junit.framework.ComparisonFailure">
            <message>
              <![CDATA[expected:<Incorrect email [or] password.> but was:<Incorrect email [] password.>]]>
            </message>
            <full-stacktrace>
              <![CDATA[junit.framework.ComparisonFailure: expected:<Incorrect email [or] password.> but was:<Incorrect email [] password.>
at junit.framework.Assert.assertEquals(Assert.java:100)
at junit.framework.Assert.assertEquals(Assert.java:107)
at com.testsComponents.ErrorValidations.loginErrorvaliations(ErrorValidations.java:23)
at java.base/jdk.internal.reflect.DirectMethodHandleAccessor.invoke(DirectMethodHandleAccessor.java:103)
at java.base/java.lang.reflect.Method.invoke(Method.java:580)
at org.testng.internal.MethodInvocationHelper.invokeMethod(MethodInvocationHelper.java:133)
at org.testng.internal.TestInvoker.invokeMethod(TestInvoker.java:598)
at org.testng.internal.TestInvoker.retryFailed(TestInvoker.java:213)
at org.testng.internal.MethodRunner.runInSequence(MethodRunner.java:58)
at org.testng.internal.TestInvoker$MethodInvocationAgent.invoke(TestInvoker.java:824)
at org.testng.internal.TestInvoker.invokeTestMethods(TestInvoker.java:146)
at org.testng.internal.TestMethodWorker.invokeTestMethods(TestMethodWorker.java:146)
at org.testng.internal.TestMethodWorker.run(TestMethodWorker.java:128)
at java.base/java.util.ArrayList.forEach(ArrayList.java:1597)
at org.testng.TestRunner.privateRun(TestRunner.java:794)
at org.testng.TestRunner.run(TestRunner.java:596)
at org.testng.SuiteRunner.runTest(SuiteRunner.java:377)
at org.testng.SuiteRunner.access$000(SuiteRunner.java:28)
at org.testng.SuiteRunner$SuiteWorker.run(SuiteRunner.java:418)
at org.testng.internal.thread.ThreadUtil.lambda$execute$0(ThreadUtil.java:64)
at java.base/java.util.concurrent.FutureTask.run(FutureTask.java:317)
at java.base/java.util.concurrent.ThreadPoolExecutor.runWorker(ThreadPoolExecutor.java:1144)
at java.base/java.util.concurrent.ThreadPoolExecutor$Worker.run(ThreadPoolExecutor.java:642)
at java.base/java.lang.Thread.run(Thread.java:1570)
]]>
            </full-stacktrace>
          </exception> <!-- junit.framework.ComparisonFailure -->
          <reporter-output>
          </reporter-output>
        </test-method> <!-- loginErrorvaliations -->
        <test-method is-config="true" signature="tearDown()[pri:0, instance:com.testsComponents.ErrorValidations@1afdd473]" started-at="2024-08-06T00:28:24 IST" name="tearDown" finished-at="2024-08-06T00:28:24 IST" duration-ms="391" status="PASS">
          <reporter-output>
          </reporter-output>
        </test-method> <!-- tearDown -->
      </class> <!-- com.testsComponents.ErrorValidations -->
    </test> <!-- Error Validation -->
    <test started-at="2024-08-06T00:27:22 IST" name="Submit Order" finished-at="2024-08-06T00:28:32 IST" duration-ms="69795">
      <class name="com.testsComponents.StandloneTest">
        <test-method is-config="true" signature="launchApplication()[pri:0, instance:com.testsComponents.StandloneTest@ab7395e]" started-at="2024-08-06T00:27:23 IST" name="launchApplication" finished-at="2024-08-06T00:27:49 IST" duration-ms="26569" status="PASS">
          <reporter-output>
          </reporter-output>
        </test-method> <!-- launchApplication -->
        <test-method signature="submitOrder(java.util.HashMap)[pri:0, instance:com.testsComponents.StandloneTest@ab7395e]" started-at="2024-08-06T00:27:49 IST" name="submitOrder" data-provider="getData" finished-at="2024-08-06T00:28:05 IST" duration-ms="15832" status="PASS">
          <params>
            <param index="0">
              <value>
                <![CDATA[{password=Iamking@000, email=shetty@gmail.com, productName=ADIDAS ORIGINAL}]]>
              </value>
            </param>
          </params>
          <reporter-output>
          </reporter-output>
        </test-method> <!-- submitOrder -->
        <test-method is-config="true" signature="tearDown()[pri:0, instance:com.testsComponents.StandloneTest@ab7395e]" started-at="2024-08-06T00:28:05 IST" name="tearDown" finished-at="2024-08-06T00:28:09 IST" duration-ms="3825" status="PASS">
          <reporter-output>
          </reporter-output>
        </test-method> <!-- tearDown -->
        <test-method is-config="true" signature="launchApplication()[pri:0, instance:com.testsComponents.StandloneTest@ab7395e]" started-at="2024-08-06T00:28:09 IST" name="launchApplication" finished-at="2024-08-06T00:28:14 IST" duration-ms="5360" status="PASS">
          <reporter-output>
          </reporter-output>
        </test-method> <!-- launchApplication -->
        <test-method signature="submitOrder(java.util.HashMap)[pri:0, instance:com.testsComponents.StandloneTest@ab7395e]" started-at="2024-08-06T00:28:14 IST" name="submitOrder" data-provider="getData" finished-at="2024-08-06T00:28:23 IST" duration-ms="8756" status="PASS">
          <params>
            <param index="0">
              <value>
                <![CDATA[{password=Shishira@123, email=shishira@gmail.com, productName=ZARA COAT 3}]]>
              </value>
            </param>
          </params>
          <reporter-output>
          </reporter-output>
        </test-method> <!-- submitOrder -->
        <test-method is-config="true" signature="tearDown()[pri:0, instance:com.testsComponents.StandloneTest@ab7395e]" started-at="2024-08-06T00:28:23 IST" name="tearDown" finished-at="2024-08-06T00:28:24 IST" duration-ms="1040" status="PASS">
          <reporter-output>
          </reporter-output>
        </test-method> <!-- tearDown -->
        <test-method is-config="true" signature="launchApplication()[pri:0, instance:com.testsComponents.StandloneTest@ab7395e]" started-at="2024-08-06T00:28:24 IST" name="launchApplication" finished-at="2024-08-06T00:28:28 IST" duration-ms="3826" status="PASS">
          <reporter-output>
          </reporter-output>
        </test-method> <!-- launchApplication -->
        <test-method signature="orderHistory()[pri:0, instance:com.testsComponents.StandloneTest@ab7395e]" started-at="2024-08-06T00:28:28 IST" name="orderHistory" finished-at="2024-08-06T00:28:31 IST" depends-on-methods="com.testsComponents.StandloneTest.submitOrder" duration-ms="3578" status="PASS">
          <reporter-output>
          </reporter-output>
        </test-method> <!-- orderHistory -->
        <test-method is-config="true" signature="tearDown()[pri:0, instance:com.testsComponents.StandloneTest@ab7395e]" started-at="2024-08-06T00:28:31 IST" name="tearDown" finished-at="2024-08-06T00:28:32 IST" duration-ms="423" status="PASS">
          <reporter-output>
          </reporter-output>
        </test-method> <!-- tearDown -->
      </class> <!-- com.testsComponents.StandloneTest -->
    </test> <!-- Submit Order -->
  </suite> <!-- Suite -->
</testng-results>
