<?xml version="1.0" encoding="UTF-8"?>
<!-- Generated by org.testng.reporters.JUnitXMLReporter -->
<testsuite ignored="1" hostname="ShishiraReddy" failures="0" tests="1" name="Error Validation" time="7.191" errors="0" timestamp="2024-08-04T18:30:39 IST">
  <testcase classname="com.testsComponents.ErrorValidations" name="loginErrorvaliations" time="2.487"/>
  <testcase classname="com.testsComponents.ErrorValidations" name="ProductErrorValidation" time="0.0">
    <ignored/>
  </testcase> <!-- ProductErrorValidation -->
</testsuite> <!-- Error Validation -->
