<?xml version="1.0" encoding="UTF-8"?>
<!-- Generated by org.testng.reporters.JUnitXMLReporter -->
<testsuite ignored="1" hostname="ShishiraReddy" failures="0" tests="2" name="Submit Order" time="21.238" errors="0" timestamp="2024-08-06T13:26:01 IST">
  <testcase classname="com.testsComponents.StandloneTest" name="submitOrder" time="7.144"/>
  <testcase classname="com.testsComponents.StandloneTest" name="submitOrder" time="6.367"/>
  <testcase classname="com.testsComponents.StandloneTest" name="orderHistory" time="0.0">
    <ignored/>
  </testcase> <!-- orderHistory -->
</testsuite> <!-- Submit Order -->
