<?xml version="1.0" encoding="UTF-8"?>
<!-- Generated by org.testng.reporters.JUnitXMLReporter -->
<testsuite ignored="1" hostname="ShishiraReddy" failures="0" tests="2" name="Submit Order" time="27.353" errors="0" timestamp="2024-08-04T18:33:37 IST">
  <testcase classname="com.testsComponents.StandloneTest" name="submitOrder" time="7.314"/>
  <testcase classname="com.testsComponents.StandloneTest" name="submitOrder" time="6.707"/>
  <testcase classname="com.testsComponents.StandloneTest" name="orderHistory" time="0.0">
    <ignored/>
  </testcase> <!-- orderHistory -->
</testsuite> <!-- Submit Order -->
