<?xml version="1.0" encoding="UTF-8"?>
<!-- Generated by org.testng.reporters.JUnitXMLReporter -->
<testsuite ignored="0" hostname="ShishiraReddy" failures="0" tests="3" name="Test" time="33.192" errors="0" timestamp="2024-07-23T12:59:31 IST">
  <testcase classname="com.testsComponents.ErrorValidations" name="ProductErrorValidation" time="3.943"/>
  <testcase classname="com.testsComponents.ErrorValidations" name="loginErrorvaliations" time="1.053"/>
  <testcase classname="com.testsComponents.StandloneTest" name="submitOrder" time="6.71"/>
</testsuite> <!-- Test -->
